Using pre-set license
Built from '2020.3/staging' branch; Version is '2020.3.11f1 (99c7afb366b3) revision 10078127'; Using compiler version '192528614'; Build Type 'Release'
OS: 'Windows 10 Pro; OS build 19042.1052; Version 2009; 64bit' Language: 'ru' Physical Memory: 16332 MB
BatchMode: 1, IsHumanControllingUs: 0, StartBugReporterOnCrash: 0, Is64bit: 1, IsPro: 0

 COMMAND LINE ARGUMENTS:
A:\Unity\2020.3.11f1\Editor\Unity.exe
-adb2
-batchMode
-noUpm
-name
AssetImportWorker0
-projectPath
A:/Unity/Projects/5/5
-logFile
Logs/AssetImportWorker0.log
-srvPort
58354
Successfully changed project path to: A:/Unity/Projects/5/5
A:/Unity/Projects/5/5
Using Asset Import Pipeline V2.
Refreshing native plugins compatible for Editor in 41.14 ms, found 3 plugins.
Preloading 0 native plugins for Editor in 0.00 ms.
Initialize engine version: 2020.3.11f1 (99c7afb366b3)
[Subsystems] Discovering subsystems at path A:/Unity/2020.3.11f1/Editor/Data/Resources/UnitySubsystems
[Subsystems] Discovering subsystems at path A:/Unity/Projects/5/5/Assets
GfxDevice: creating device client; threaded=0
Direct3D:
    Version:  Direct3D 11.0 [level 11.1]
    Renderer: NVIDIA GeForce GTX 1660 (ID=0x2184)
    Vendor:   
    VRAM:     5991 MB
    Driver:   27.21.14.6647
Initialize mono
Mono path[0] = 'A:/Unity/2020.3.11f1/Editor/Data/Managed'
Mono path[1] = 'A:/Unity/2020.3.11f1/Editor/Data/MonoBleedingEdge/lib/mono/unityjit'
Mono config path = 'A:/Unity/2020.3.11f1/Editor/Data/MonoBleedingEdge/etc'
Using monoOptions --debugger-agent=transport=dt_socket,embedding=1,server=y,suspend=n,address=127.0.0.1:56732
Begin MonoManager ReloadAssembly
Registering precompiled unity dll's ...
Register platform support module: A:/Unity/2020.3.11f1/Editor/Data/PlaybackEngines/WebGLSupport/UnityEditor.WebGL.Extensions.dll
Register platform support module: A:/Unity/2020.3.11f1/Editor/Data/PlaybackEngines/MacStandaloneSupport/UnityEditor.OSXStandalone.Extensions.dll
Register platform support module: A:/Unity/2020.3.11f1/Editor/Data/PlaybackEngines/WindowsStandaloneSupport/UnityEditor.WindowsStandalone.Extensions.dll
Registered in 0.002300 seconds.
Native extension for WindowsStandalone target not found
Native extension for OSXStandalone target not found
Native extension for WebGL target not found
Refreshing native plugins compatible for Editor in 37.80 ms, found 3 plugins.
Preloading 0 native plugins for Editor in 0.00 ms.
Mono: successfully reloaded assembly
- Completed reload, in  2.728 seconds
Platform modules already initialized, skipping
Registering precompiled user dll's ...
Registered in 0.006002 seconds.
Begin MonoManager ReloadAssembly
Native extension for WindowsStandalone target not found
Native extension for OSXStandalone target not found
Native extension for WebGL target not found
Refreshing native plugins compatible for Editor in 37.54 ms, found 3 plugins.
Preloading 0 native plugins for Editor in 0.00 ms.
Mono: successfully reloaded assembly
- Completed reload, in  1.111 seconds
Platform modules already initialized, skipping
========================================================================
Worker process is ready to serve import requests
Launched and connected shader compiler UnityShaderCompiler.exe after 0.05 seconds
Refreshing native plugins compatible for Editor in 0.40 ms, found 3 plugins.
Preloading 0 native plugins for Editor in 0.00 ms.
Unloading 2092 Unused Serialized files (Serialized files now loaded: 0)
System memory in use before: 93.3 MB.
System memory in use after: 93.2 MB.

Unloading 35 unused Assets to reduce memory usage. Loaded Objects now: 2528.
Total: 2.035700 ms (FindLiveObjects: 0.163800 ms CreateObjectMapping: 0.069800 ms MarkObjects: 1.684000 ms  DeleteObjects: 0.117200 ms)

========================================================================
Received Import Request.
  path: Assets/Resources/DOTweenSettings.asset
  artifactKey: Guid(f7486143d7342ca4b9dad5d99f0cc2b1) Importer(815301076,1909f56bfc062723c751e8b465ee728b)
Start importing Assets/Resources/DOTweenSettings.asset using Guid(f7486143d7342ca4b9dad5d99f0cc2b1) Importer(815301076,1909f56bfc062723c751e8b465ee728b)  -> (artifact id: 'f68612b02f46b36ac41932e84c9daa97') in 0.070019 seconds
  Import took 0.075888 seconds .

========================================================================
Received Import Request.
  Time since last request: 28.169415 seconds.
  path: Assets/Ребёнок сирена!!! - YouTube - Google Chrome 11.06.2021 15_43_56 (2) 1.png
  artifactKey: Guid(7839e9026647d5a42acfd8c6bdaff772) Importer(815301076,1909f56bfc062723c751e8b465ee728b)
Start importing Assets/Ребёнок сирена!!! - YouTube - Google Chrome 11.06.2021 15_43_56 (2) 1.png using Guid(7839e9026647d5a42acfd8c6bdaff772) Importer(815301076,1909f56bfc062723c751e8b465ee728b)  -> (artifact id: '05583daa86d5a7bd22a52a539c12673a') in 0.118184 seconds
  Import took 0.124465 seconds .

========================================================================
Received Import Request.
  Time since last request: 0.000533 seconds.
  path: Assets/Ребёнок сирена!!! - YouTube - Google Chrome 11.06.2021 15_43_56 (2).png
  artifactKey: Guid(0f6399b6e2c8f144d96077046010696e) Importer(815301076,1909f56bfc062723c751e8b465ee728b)
Start importing Assets/Ребёнок сирена!!! - YouTube - Google Chrome 11.06.2021 15_43_56 (2).png using Guid(0f6399b6e2c8f144d96077046010696e) Importer(815301076,1909f56bfc062723c751e8b465ee728b)  -> (artifact id: 'ccb8ae02a472a6680c096403f4f7a2fd') in 0.061930 seconds
  Import took 0.067793 seconds .

AssetImportWorkerClient::OnTransportError - code=2 error=End of file
